Using pre-set license
Built from '2021.3/staging' branch; Version is '2021.3.4f1 (cb45f9cae8b7) revision 13321721'; Using compiler version '192829333'; Build Type 'Release'
OS: 'Windows 11  (10.0.22621) 64bit ProfessionalWorkstation' Language: 'es' Physical Memory: 16153 MB
BatchMode: 1, IsHumanControllingUs: 0, StartBugReporterOnCrash: 0, Is64bit: 1, IsPro: 1

COMMAND LINE ARGUMENTS:
C:\Program Files\Unity\Hub\Editor\2021.3.4f1\Editor\Unity.exe
-adb2
-batchMode
-noUpm
-name
AssetImportWorker0
-projectPath
C:/Users/Mario/Desktop/Proyecto Integrado/Proyecto Integrado
-logFile
Logs/AssetImportWorker0.log
-srvPort
50702
Successfully changed project path to: C:/Users/Mario/Desktop/Proyecto Integrado/Proyecto Integrado
C:/Users/Mario/Desktop/Proyecto Integrado/Proyecto Integrado
[UnityMemory] Configuration Parameters - Can be set up in boot.config
    "memorysetup-bucket-allocator-granularity=16"
    "memorysetup-bucket-allocator-bucket-count=8"
    "memorysetup-bucket-allocator-block-size=33554432"
    "memorysetup-bucket-allocator-block-count=8"
    "memorysetup-main-allocator-block-size=16777216"
    "memorysetup-thread-allocator-block-size=16777216"
    "memorysetup-gfx-main-allocator-block-size=16777216"
    "memorysetup-gfx-thread-allocator-block-size=16777216"
    "memorysetup-cache-allocator-block-size=4194304"
    "memorysetup-typetree-allocator-block-size=2097152"
    "memorysetup-profiler-bucket-allocator-granularity=16"
    "memorysetup-profiler-bucket-allocator-bucket-count=8"
    "memorysetup-profiler-bucket-allocator-block-size=33554432"
    "memorysetup-profiler-bucket-allocator-block-count=8"
    "memorysetup-profiler-allocator-block-size=16777216"
    "memorysetup-profiler-editor-allocator-block-size=1048576"
    "memorysetup-temp-allocator-size-main=16777216"
    "memorysetup-job-temp-allocator-block-size=2097152"
    "memorysetup-job-temp-allocator-block-size-background=1048576"
    "memorysetup-job-temp-allocator-reduction-small-platforms=262144"
    "memorysetup-temp-allocator-size-background-worker=32768"
    "memorysetup-temp-allocator-size-job-worker=262144"
    "memorysetup-temp-allocator-size-preload-manager=33554432"
    "memorysetup-temp-allocator-size-nav-mesh-worker=65536"
    "memorysetup-temp-allocator-size-audio-worker=65536"
    "memorysetup-temp-allocator-size-cloud-worker=32768"
    "memorysetup-temp-allocator-size-gi-baking-worker=262144"
    "memorysetup-temp-allocator-size-gfx=262144"
Refreshing native plugins compatible for Editor in 268.51 ms, found 4 plugins.
Preloading 0 native plugins for Editor in 0.00 ms.
Initialize engine version: 2021.3.4f1 (cb45f9cae8b7)
[Subsystems] Discovering subsystems at path C:/Program Files/Unity/Hub/Editor/2021.3.4f1/Editor/Data/Resources/UnitySubsystems
[Subsystems] Discovering subsystems at path C:/Users/Mario/Desktop/Proyecto Integrado/Proyecto Integrado/Assets
GfxDevice: creating device client; threaded=0; jobified=0
Direct3D:
    Version:  Direct3D 11.0 [level 11.1]
    Renderer: NVIDIA GeForce RTX 2060 with Max-Q Design (ID=0x1f12)
    Vendor:   NVIDIA
    VRAM:     5968 MB
    Driver:   31.0.15.2824
Initialize mono
Mono path[0] = 'C:/Program Files/Unity/Hub/Editor/2021.3.4f1/Editor/Data/Managed'
Mono path[1] = 'C:/Program Files/Unity/Hub/Editor/2021.3.4f1/Editor/Data/MonoBleedingEdge/lib/mono/unityjit-win32'
Mono config path = 'C:/Program Files/Unity/Hub/Editor/2021.3.4f1/Editor/Data/MonoBleedingEdge/etc'
Using monoOptions --debugger-agent=transport=dt_socket,embedding=1,server=y,suspend=n,address=127.0.0.1:56632
Begin MonoManager ReloadAssembly
Registering precompiled unity dll's ...
Register platform support module: C:/Program Files/Unity/Hub/Editor/2021.3.4f1/Editor/Data/PlaybackEngines/WindowsStandaloneSupport/UnityEditor.WindowsStandalone.Extensions.dll
Registered in 0.006737 seconds.
Native extension for WindowsStandalone target not found
Refreshing native plugins compatible for Editor in 230.95 ms, found 4 plugins.
Preloading 0 native plugins for Editor in 0.00 ms.
Mono: successfully reloaded assembly
- Completed reload, in  1.340 seconds
Domain Reload Profiling:
	ReloadAssembly (1341ms)
		BeginReloadAssembly (151ms)
			ExecutionOrderSort (0ms)
			DisableScriptedObjects (0ms)
			BackupInstance (0ms)
			ReleaseScriptingObjects (0ms)
			CreateAndSetChildDomain (1ms)
		EndReloadAssembly (990ms)
			LoadAssemblies (148ms)
			RebuildTransferFunctionScriptingTraits (0ms)
			SetupTypeCache (223ms)
			ReleaseScriptCaches (0ms)
			RebuildScriptCaches (51ms)
			SetupLoadedEditorAssemblies (618ms)
				LogAssemblyErrors (0ms)
				InitializePlatformSupportModulesInManaged (14ms)
				SetLoadedEditorAssemblies (0ms)
				RefreshPlugins (231ms)
				BeforeProcessingInitializeOnLoad (3ms)
				ProcessInitializeOnLoadAttributes (281ms)
				ProcessInitializeOnLoadMethodAttributes (88ms)
				AfterProcessingInitializeOnLoad (0ms)
				EditorAssembliesLoaded (0ms)
			ExecutionOrderSort2 (0ms)
			AwakeInstancesAfterBackupRestoration (0ms)
Platform modules already initialized, skipping
Registering precompiled user dll's ...
Registered in 0.010980 seconds.
Begin MonoManager ReloadAssembly
Symbol file LoadedFromMemory doesn't match image C:\Users\Mario\Desktop\Proyecto Integrado\Proyecto Integrado\Library\PackageCache\com.unity.visualscripting@1.7.8\Editor\VisualScripting.Core\Dependencies\YamlDotNet\Unity.VisualScripting.YamlDotNet.dll
Symbol file LoadedFromMemory doesn't match image C:\Users\Mario\Desktop\Proyecto Integrado\Proyecto Integrado\Library\PackageCache\com.unity.visualscripting@1.7.8\Editor\VisualScripting.Core\Dependencies\DotNetZip\Unity.VisualScripting.IonicZip.dll
Native extension for WindowsStandalone target not found
Refreshing native plugins compatible for Editor in 272.98 ms, found 4 plugins.
Preloading 0 native plugins for Editor in 0.00 ms.
Mono: successfully reloaded assembly
- Completed reload, in  2.784 seconds
Domain Reload Profiling:
	ReloadAssembly (2785ms)
		BeginReloadAssembly (210ms)
			ExecutionOrderSort (0ms)
			DisableScriptedObjects (15ms)
			BackupInstance (0ms)
			ReleaseScriptingObjects (0ms)
			CreateAndSetChildDomain (35ms)
		EndReloadAssembly (2349ms)
			LoadAssemblies (175ms)
			RebuildTransferFunctionScriptingTraits (0ms)
			SetupTypeCache (609ms)
			ReleaseScriptCaches (1ms)
			RebuildScriptCaches (126ms)
			SetupLoadedEditorAssemblies (1328ms)
				LogAssemblyErrors (0ms)
				InitializePlatformSupportModulesInManaged (27ms)
				SetLoadedEditorAssemblies (1ms)
				RefreshPlugins (273ms)
				BeforeProcessingInitializeOnLoad (253ms)
				ProcessInitializeOnLoadAttributes (577ms)
				ProcessInitializeOnLoadMethodAttributes (189ms)
				AfterProcessingInitializeOnLoad (8ms)
				EditorAssembliesLoaded (0ms)
			ExecutionOrderSort2 (0ms)
			AwakeInstancesAfterBackupRestoration (9ms)
Platform modules already initialized, skipping
========================================================================
Worker process is ready to serve import requests
Launched and connected shader compiler UnityShaderCompiler.exe after 0.09 seconds
Refreshing native plugins compatible for Editor in 1.55 ms, found 4 plugins.
Preloading 0 native plugins for Editor in 0.00 ms.
Unloading 5723 Unused Serialized files (Serialized files now loaded: 0)
Unloading 71 unused Assets / (1.3 MB). Loaded Objects now: 6160.
Memory consumption went from 222.9 MB to 221.7 MB.
Total: 5.508700 ms (FindLiveObjects: 0.573500 ms CreateObjectMapping: 0.694300 ms MarkObjects: 3.627600 ms  DeleteObjects: 0.611900 ms)

AssetImportParameters requested are different than current active one (requested -> active):
  custom:video-decoder-ogg-theora: a1e56fd34408186e4bbccfd4996cb3dc -> 
  custom:container-muxer-webm: aa71ff27fc2769a1b78a27578f13a17b -> 
  custom:container-demuxer-webm: 4f35f7cbe854078d1ac9338744f61a02 -> 
  custom:video-encoder-webm-vp8: eb34c28f22e8b96e1ab97ce403110664 -> 
  custom:audio-encoder-webm-vorbis: bf7c407c2cedff20999df2af8eb42d56 -> 
  custom:framework-win-MediaFoundation: 216162199b28c13a410421893ffa2e32 -> 
  custom:container-demuxer-ogg: 62fdf1f143b41e24485cea50d1cbac27 -> 
  custom:video-decoder-webm-vp8: 9c59270c3fd7afecdb556c50c9e8de78 -> 
  custom:audio-decoder-ogg-vorbis: bf7c407c2cedff20999df2af8eb42d56 -> 
========================================================================
Received Import Request.
  Time since last request: 40833.690229 seconds.
  path: Assets/Assets/Assets/portal.png
  artifactKey: Guid(8eded1b201810d649bad9b2a0d1131f0) Importer(815301076,1909f56bfc062723c751e8b465ee728b)
Start importing Assets/Assets/Assets/portal.png using Guid(8eded1b201810d649bad9b2a0d1131f0) Importer(815301076,1909f56bfc062723c751e8b465ee728b)  -> (artifact id: '13d70cd19751eff61843d604647481c8') in 0.161741 seconds 
========================================================================
Received Import Request.
  Time since last request: 47.442158 seconds.
  path: Assets/Assets/Assets/Vallas.png
  artifactKey: Guid(171ee5f8ea302a145910498bdd5ff965) Importer(815301076,1909f56bfc062723c751e8b465ee728b)
Start importing Assets/Assets/Assets/Vallas.png using Guid(171ee5f8ea302a145910498bdd5ff965) Importer(815301076,1909f56bfc062723c751e8b465ee728b)  -> (artifact id: '278bcde2cef1a9cad12799222acc45df') in 0.054459 seconds 
========================================================================
Received Import Request.
  Time since last request: 4.792952 seconds.
  path: Assets/Assets/Assets/Vallas.png
  artifactKey: Guid(171ee5f8ea302a145910498bdd5ff965) Importer(815301076,1909f56bfc062723c751e8b465ee728b)
Start importing Assets/Assets/Assets/Vallas.png using Guid(171ee5f8ea302a145910498bdd5ff965) Importer(815301076,1909f56bfc062723c751e8b465ee728b)  -> (artifact id: 'd4ccde7405a2b372728df5a47d27e457') in 0.040283 seconds 
========================================================================
Received Prepare
Registering precompiled user dll's ...
Registered in 0.007714 seconds.
Begin MonoManager ReloadAssembly
Symbol file LoadedFromMemory doesn't match image C:\Users\Mario\Desktop\Proyecto Integrado\Proyecto Integrado\Library\PackageCache\com.unity.visualscripting@1.7.8\Editor\VisualScripting.Core\Dependencies\YamlDotNet\Unity.VisualScripting.YamlDotNet.dll
Symbol file LoadedFromMemory doesn't match image C:\Users\Mario\Desktop\Proyecto Integrado\Proyecto Integrado\Library\PackageCache\com.unity.visualscripting@1.7.8\Editor\VisualScripting.Core\Dependencies\DotNetZip\Unity.VisualScripting.IonicZip.dll
Native extension for WindowsStandalone target not found
Refreshing native plugins compatible for Editor in 2.40 ms, found 4 plugins.
Preloading 0 native plugins for Editor in 0.00 ms.
Mono: successfully reloaded assembly
- Completed reload, in  2.340 seconds
Domain Reload Profiling:
	ReloadAssembly (2341ms)
		BeginReloadAssembly (211ms)
			ExecutionOrderSort (0ms)
			DisableScriptedObjects (11ms)
			BackupInstance (0ms)
			ReleaseScriptingObjects (0ms)
			CreateAndSetChildDomain (80ms)
		EndReloadAssembly (1937ms)
			LoadAssemblies (134ms)
			RebuildTransferFunctionScriptingTraits (0ms)
			SetupTypeCache (550ms)
			ReleaseScriptCaches (3ms)
			RebuildScriptCaches (128ms)
			SetupLoadedEditorAssemblies (1001ms)
				LogAssemblyErrors (0ms)
				InitializePlatformSupportModulesInManaged (20ms)
				SetLoadedEditorAssemblies (1ms)
				RefreshPlugins (3ms)
				BeforeProcessingInitializeOnLoad (209ms)
				ProcessInitializeOnLoadAttributes (564ms)
				ProcessInitializeOnLoadMethodAttributes (196ms)
				AfterProcessingInitializeOnLoad (9ms)
				EditorAssembliesLoaded (0ms)
			ExecutionOrderSort2 (0ms)
			AwakeInstancesAfterBackupRestoration (16ms)
Platform modules already initialized, skipping
Refreshing native plugins compatible for Editor in 4.28 ms, found 4 plugins.
Preloading 0 native plugins for Editor in 0.00 ms.
Unloading 5594 Unused Serialized files (Serialized files now loaded: 0)
Unloading 46 unused Assets / (1.2 MB). Loaded Objects now: 6183.
Memory consumption went from 218.8 MB to 217.5 MB.
Total: 6.743000 ms (FindLiveObjects: 0.620700 ms CreateObjectMapping: 0.685900 ms MarkObjects: 4.643700 ms  DeleteObjects: 0.790900 ms)

AssetImportParameters requested are different than current active one (requested -> active):
  custom:video-decoder-ogg-theora: a1e56fd34408186e4bbccfd4996cb3dc -> 
  custom:container-muxer-webm: aa71ff27fc2769a1b78a27578f13a17b -> 
  custom:container-demuxer-webm: 4f35f7cbe854078d1ac9338744f61a02 -> 
  custom:video-encoder-webm-vp8: eb34c28f22e8b96e1ab97ce403110664 -> 
  custom:audio-encoder-webm-vorbis: bf7c407c2cedff20999df2af8eb42d56 -> 
  custom:framework-win-MediaFoundation: 216162199b28c13a410421893ffa2e32 -> 
  custom:container-demuxer-ogg: 62fdf1f143b41e24485cea50d1cbac27 -> 
  custom:video-decoder-webm-vp8: 9c59270c3fd7afecdb556c50c9e8de78 -> 
  custom:audio-decoder-ogg-vorbis: bf7c407c2cedff20999df2af8eb42d56 -> 
========================================================================
Received Import Request.
  Time since last request: 233.813539 seconds.
  path: Assets/Assets/Assets/vaya.png
  artifactKey: Guid(b0be774f098d50e4f881c31a4694b690) Importer(815301076,1909f56bfc062723c751e8b465ee728b)
Start importing Assets/Assets/Assets/vaya.png using Guid(b0be774f098d50e4f881c31a4694b690) Importer(815301076,1909f56bfc062723c751e8b465ee728b)  -> (artifact id: 'ab8d452ccc00d83ec9863ba36cb1b806') in 0.095617 seconds 
========================================================================
Received Import Request.
  Time since last request: 5.431765 seconds.
  path: Assets/Assets/Assets/vaya.png
  artifactKey: Guid(b0be774f098d50e4f881c31a4694b690) Importer(815301076,1909f56bfc062723c751e8b465ee728b)
Start importing Assets/Assets/Assets/vaya.png using Guid(b0be774f098d50e4f881c31a4694b690) Importer(815301076,1909f56bfc062723c751e8b465ee728b)  -> (artifact id: 'aa9fd5d3d7743a989e45ceb8841e6160') in 0.023302 seconds 
========================================================================
Received Import Request.
  Time since last request: 101.555158 seconds.
  path: Assets/Assets/Assets/Flecha.png
  artifactKey: Guid(93b9842cbf23fef43a3bde6ecefaced4) Importer(815301076,1909f56bfc062723c751e8b465ee728b)
Start importing Assets/Assets/Assets/Flecha.png using Guid(93b9842cbf23fef43a3bde6ecefaced4) Importer(815301076,1909f56bfc062723c751e8b465ee728b)  -> (artifact id: '4a5d3cd56e1a652e899065d82e871c64') in 0.046876 seconds 
========================================================================
Received Import Request.
  Time since last request: 7.171163 seconds.
  path: Assets/Assets/Assets/Flecha.png
  artifactKey: Guid(93b9842cbf23fef43a3bde6ecefaced4) Importer(815301076,1909f56bfc062723c751e8b465ee728b)
Start importing Assets/Assets/Assets/Flecha.png using Guid(93b9842cbf23fef43a3bde6ecefaced4) Importer(815301076,1909f56bfc062723c751e8b465ee728b)  -> (artifact id: 'e4826939de12fa75ff429135ec4be8ff') in 0.020309 seconds 
========================================================================
Received Import Request.
  Time since last request: 96.655096 seconds.
  path: Assets/Assets/Assets/calavera.png
  artifactKey: Guid(b62bc70cbf8bcd34fb82cb25507a8812) Importer(815301076,1909f56bfc062723c751e8b465ee728b)
Start importing Assets/Assets/Assets/calavera.png using Guid(b62bc70cbf8bcd34fb82cb25507a8812) Importer(815301076,1909f56bfc062723c751e8b465ee728b)  -> (artifact id: 'a5fdcddaa186d0626605c49b73db0712') in 0.032377 seconds 
========================================================================
Received Import Request.
  Time since last request: 5.333891 seconds.
  path: Assets/Assets/Assets/nose.png
  artifactKey: Guid(e9c6e7fd616b0dc4782832821829ff21) Importer(815301076,1909f56bfc062723c751e8b465ee728b)
Start importing Assets/Assets/Assets/nose.png using Guid(e9c6e7fd616b0dc4782832821829ff21) Importer(815301076,1909f56bfc062723c751e8b465ee728b)  -> (artifact id: '160d8c3e336883be3aa843facec919a4') in 0.045503 seconds 
========================================================================
Received Import Request.
  Time since last request: 2.436018 seconds.
  path: Assets/Assets/Assets/arbusto4.png
  artifactKey: Guid(f7ee7658a86572949bc24946d82486d5) Importer(815301076,1909f56bfc062723c751e8b465ee728b)
Start importing Assets/Assets/Assets/arbusto4.png using Guid(f7ee7658a86572949bc24946d82486d5) Importer(815301076,1909f56bfc062723c751e8b465ee728b)  -> (artifact id: '6358eed9ccc3185b3b55019ae15d1413') in 0.032473 seconds 
========================================================================
Received Import Request.
  Time since last request: 0.307970 seconds.
  path: Assets/Assets/Assets/arbusto1.png
  artifactKey: Guid(42d0b07306b02214e91dc65eafaa4f53) Importer(815301076,1909f56bfc062723c751e8b465ee728b)
Start importing Assets/Assets/Assets/arbusto1.png using Guid(42d0b07306b02214e91dc65eafaa4f53) Importer(815301076,1909f56bfc062723c751e8b465ee728b)  -> (artifact id: 'b93762c04186ce3cff6b5cf4d3161cd9') in 0.031540 seconds 
========================================================================
Received Import Request.
  Time since last request: 4.130105 seconds.
  path: Assets/Assets/Assets/ARBOL2.png
  artifactKey: Guid(af5975246fb9ecc4fb25519f67aa4dec) Importer(815301076,1909f56bfc062723c751e8b465ee728b)
Start importing Assets/Assets/Assets/ARBOL2.png using Guid(af5975246fb9ecc4fb25519f67aa4dec) Importer(815301076,1909f56bfc062723c751e8b465ee728b)  -> (artifact id: '51d5d8d4a6d1aa23c84eeafc54c08e49') in 0.038225 seconds 
========================================================================
Received Import Request.
  Time since last request: 0.603390 seconds.
  path: Assets/Assets/Assets/arbolcercano.png
  artifactKey: Guid(7b9c3fdc949460a41a3e6265edf77487) Importer(815301076,1909f56bfc062723c751e8b465ee728b)
Start importing Assets/Assets/Assets/arbolcercano.png using Guid(7b9c3fdc949460a41a3e6265edf77487) Importer(815301076,1909f56bfc062723c751e8b465ee728b)  -> (artifact id: 'f1b49e74388d09399e9fb91f6d4685dd') in 0.034134 seconds 
========================================================================
Received Import Request.
  Time since last request: 1.204054 seconds.
  path: Assets/Assets/Assets/arbol.png
  artifactKey: Guid(d4c0cc71cb2df1f47b7b49fab7798e1d) Importer(815301076,1909f56bfc062723c751e8b465ee728b)
Start importing Assets/Assets/Assets/arbol.png using Guid(d4c0cc71cb2df1f47b7b49fab7798e1d) Importer(815301076,1909f56bfc062723c751e8b465ee728b)  -> (artifact id: '38f5a3a300eedbc56d4ac2cd6abe6467') in 0.035643 seconds 
========================================================================
Received Import Request.
  Time since last request: 24.701803 seconds.
  path: Assets/Assets/Assets/ARBOL2.png
  artifactKey: Guid(af5975246fb9ecc4fb25519f67aa4dec) Importer(815301076,1909f56bfc062723c751e8b465ee728b)
Start importing Assets/Assets/Assets/ARBOL2.png using Guid(af5975246fb9ecc4fb25519f67aa4dec) Importer(815301076,1909f56bfc062723c751e8b465ee728b)  -> (artifact id: '5e2e11f3dc99bcb003fc1b3c5b3ca9ff') in 0.049189 seconds 
========================================================================
Received Import Request.
  Time since last request: 10.931577 seconds.
  path: Assets/Assets/Assets/calavera.png
  artifactKey: Guid(b62bc70cbf8bcd34fb82cb25507a8812) Importer(815301076,1909f56bfc062723c751e8b465ee728b)
Start importing Assets/Assets/Assets/calavera.png using Guid(b62bc70cbf8bcd34fb82cb25507a8812) Importer(815301076,1909f56bfc062723c751e8b465ee728b)  -> (artifact id: '7b95746f4172c34ca5bf1f5ac34d7b2f') in 0.020195 seconds 
========================================================================
Received Import Request.
  Time since last request: 2493.986838 seconds.
  path: ProjectSettings/TagManager.asset
  artifactKey: Guid(00000000000000003000000000000000) Importer(815301076,1909f56bfc062723c751e8b465ee728b)
Start importing ProjectSettings/TagManager.asset using Guid(00000000000000003000000000000000) Importer(815301076,1909f56bfc062723c751e8b465ee728b)  -> (artifact id: 'b155923cca2c165cf9cc692b6f1af66f') in 0.022998 seconds 
========================================================================
Received Prepare
Registering precompiled user dll's ...
Registered in 0.022479 seconds.
Begin MonoManager ReloadAssembly
Symbol file LoadedFromMemory doesn't match image C:\Users\Mario\Desktop\Proyecto Integrado\Proyecto Integrado\Library\PackageCache\com.unity.visualscripting@1.7.8\Editor\VisualScripting.Core\Dependencies\YamlDotNet\Unity.VisualScripting.YamlDotNet.dll
Symbol file LoadedFromMemory doesn't match image C:\Users\Mario\Desktop\Proyecto Integrado\Proyecto Integrado\Library\PackageCache\com.unity.visualscripting@1.7.8\Editor\VisualScripting.Core\Dependencies\DotNetZip\Unity.VisualScripting.IonicZip.dll
Native extension for WindowsStandalone target not found
Refreshing native plugins compatible for Editor in 1.98 ms, found 4 plugins.
Preloading 0 native plugins for Editor in 0.00 ms.
[ScriptCompilation] NOT recompiling all scripts because this is an import worker process. Reason to compile was: Define symbols changed
Mono: successfully reloaded assembly
- Completed reload, in  2.925 seconds
Domain Reload Profiling:
	ReloadAssembly (2928ms)
		BeginReloadAssembly (478ms)
			ExecutionOrderSort (0ms)
			DisableScriptedObjects (52ms)
			BackupInstance (0ms)
			ReleaseScriptingObjects (0ms)
			CreateAndSetChildDomain (231ms)
		EndReloadAssembly (2236ms)
			LoadAssemblies (181ms)
			RebuildTransferFunctionScriptingTraits (0ms)
			SetupTypeCache (537ms)
			ReleaseScriptCaches (3ms)
			RebuildScriptCaches (111ms)
			SetupLoadedEditorAssemblies (1284ms)
				LogAssemblyErrors (0ms)
				InitializePlatformSupportModulesInManaged (28ms)
				SetLoadedEditorAssemblies (2ms)
				RefreshPlugins (2ms)
				BeforeProcessingInitializeOnLoad (221ms)
				ProcessInitializeOnLoadAttributes (821ms)
				ProcessInitializeOnLoadMethodAttributes (201ms)
				AfterProcessingInitializeOnLoad (9ms)
				EditorAssembliesLoaded (0ms)
			ExecutionOrderSort2 (0ms)
			AwakeInstancesAfterBackupRestoration (17ms)
Platform modules already initialized, skipping
Refreshing native plugins compatible for Editor in 8.23 ms, found 4 plugins.
Preloading 0 native plugins for Editor in 0.00 ms.
Unloading 5727 Unused Serialized files (Serialized files now loaded: 0)
Unloading 86 unused Assets / (4.5 MB). Loaded Objects now: 6311.
Memory consumption went from 229.1 MB to 224.7 MB.
Total: 23.967700 ms (FindLiveObjects: 0.887600 ms CreateObjectMapping: 0.923700 ms MarkObjects: 18.626200 ms  DeleteObjects: 3.527600 ms)

AssetImportParameters requested are different than current active one (requested -> active):
  custom:video-decoder-ogg-theora: a1e56fd34408186e4bbccfd4996cb3dc -> 
  custom:container-muxer-webm: aa71ff27fc2769a1b78a27578f13a17b -> 
  custom:container-demuxer-webm: 4f35f7cbe854078d1ac9338744f61a02 -> 
  custom:video-encoder-webm-vp8: eb34c28f22e8b96e1ab97ce403110664 -> 
  custom:audio-encoder-webm-vorbis: bf7c407c2cedff20999df2af8eb42d56 -> 
  custom:framework-win-MediaFoundation: 216162199b28c13a410421893ffa2e32 -> 
  custom:container-demuxer-ogg: 62fdf1f143b41e24485cea50d1cbac27 -> 
  custom:video-decoder-webm-vp8: 9c59270c3fd7afecdb556c50c9e8de78 -> 
  custom:audio-decoder-ogg-vorbis: bf7c407c2cedff20999df2af8eb42d56 -> 
========================================================================
Received Import Request.
  Time since last request: 313.089243 seconds.
  path: Assets/VFX
  artifactKey: Guid(d9e92c6cd1e49d444af0dcf46dc06914) Importer(815301076,1909f56bfc062723c751e8b465ee728b)
Start importing Assets/VFX using Guid(d9e92c6cd1e49d444af0dcf46dc06914) Importer(815301076,1909f56bfc062723c751e8b465ee728b)  -> (artifact id: '4831453fc82ac8c4e5c8d0e5c9891a8a') in 0.024071 seconds 
========================================================================
Received Import Request.
  Time since last request: 41.808750 seconds.
  path: Assets/VFX/GlobalPostProcesing.prefab
  artifactKey: Guid(d2ad5d3818216b34dafde7392d33e99e) Importer(815301076,1909f56bfc062723c751e8b465ee728b)
Start importing Assets/VFX/GlobalPostProcesing.prefab using Guid(d2ad5d3818216b34dafde7392d33e99e) Importer(815301076,1909f56bfc062723c751e8b465ee728b)  -> (artifact id: '27c5dfc72ec2eb6920f319755bbf1fcb') in 0.058642 seconds 
========================================================================
Received Import Request.
  Time since last request: 8.826933 seconds.
  path: Assets/VFX/GlobalPostProcesing.prefab
  artifactKey: Guid(d2ad5d3818216b34dafde7392d33e99e) Importer(815301076,1909f56bfc062723c751e8b465ee728b)
Start importing Assets/VFX/GlobalPostProcesing.prefab using Guid(d2ad5d3818216b34dafde7392d33e99e) Importer(815301076,1909f56bfc062723c751e8b465ee728b)  -> (artifact id: 'b852fddf0b384910d6a641c0cbad4f2b') in 0.008292 seconds 
========================================================================
Received Import Request.
  Time since last request: 16.626152 seconds.
  path: Assets/VFX/GlobalPostProcesing.prefab
  artifactKey: Guid(d2ad5d3818216b34dafde7392d33e99e) Importer(815301076,1909f56bfc062723c751e8b465ee728b)
Start importing Assets/VFX/GlobalPostProcesing.prefab using Guid(d2ad5d3818216b34dafde7392d33e99e) Importer(815301076,1909f56bfc062723c751e8b465ee728b)  -> (artifact id: '31b57ed4f8b2727c437e9c826a8184b9') in 0.011297 seconds 
========================================================================
Received Import Request.
  Time since last request: 15.328094 seconds.
  path: Assets/VFX/GlobalPostProcesing.prefab
  artifactKey: Guid(d2ad5d3818216b34dafde7392d33e99e) Importer(815301076,1909f56bfc062723c751e8b465ee728b)
Start importing Assets/VFX/GlobalPostProcesing.prefab using Guid(d2ad5d3818216b34dafde7392d33e99e) Importer(815301076,1909f56bfc062723c751e8b465ee728b)  -> (artifact id: '75ee9c161f4975d327d45c04781b1a97') in 0.012361 seconds 
========================================================================
Received Import Request.
  Time since last request: 15.354163 seconds.
  path: Assets/VFX/GlobalPostProcesing.prefab
  artifactKey: Guid(d2ad5d3818216b34dafde7392d33e99e) Importer(815301076,1909f56bfc062723c751e8b465ee728b)
Start importing Assets/VFX/GlobalPostProcesing.prefab using Guid(d2ad5d3818216b34dafde7392d33e99e) Importer(815301076,1909f56bfc062723c751e8b465ee728b)  -> (artifact id: '8fc47224796dcaffbe3afb637d371a03') in 0.018564 seconds 
========================================================================
Received Import Request.
  Time since last request: 675.967437 seconds.
  path: Assets/BossScript.cs
  artifactKey: Guid(30c235a513f34b14290df9def70d9e2b) Importer(815301076,1909f56bfc062723c751e8b465ee728b)
Start importing Assets/BossScript.cs using Guid(30c235a513f34b14290df9def70d9e2b) Importer(815301076,1909f56bfc062723c751e8b465ee728b)  -> (artifact id: 'e94417efb9cc320124721978abeb821e') in 0.021133 seconds 
========================================================================
Received Import Request.
  Time since last request: 27.542080 seconds.
  path: Assets/VFX/New Universal Render Pipeline Asset.asset
  artifactKey: Guid(652cdfcf74128ea41b8e6dbe8d282869) Importer(815301076,1909f56bfc062723c751e8b465ee728b)
Start importing Assets/VFX/New Universal Render Pipeline Asset.asset using Guid(652cdfcf74128ea41b8e6dbe8d282869) Importer(815301076,1909f56bfc062723c751e8b465ee728b)  -> (artifact id: 'f9008e3cbe17c7539794c6c7ec1beb96') in 0.014133 seconds 
========================================================================
Received Import Request.
  Time since last request: 1.534254 seconds.
  path: Assets/VFX/New Universal Render Pipeline Asset_Renderer.asset
  artifactKey: Guid(c1370719c6e85cf45b6b4c4dce423ba5) Importer(815301076,1909f56bfc062723c751e8b465ee728b)
Start importing Assets/VFX/New Universal Render Pipeline Asset_Renderer.asset using Guid(c1370719c6e85cf45b6b4c4dce423ba5) Importer(815301076,1909f56bfc062723c751e8b465ee728b)  -> (artifact id: '66c9d605521210085ea2d1fa1455c177') in 0.011112 seconds 
========================================================================
Received Prepare
Switching render pipeline 681886c5eb7344803b6206f758bf0b1c -> 652cdfcf74128ea41b8e6dbe8d282869
Refreshing native plugins compatible for Editor in 9.67 ms, found 4 plugins.
Preloading 0 native plugins for Editor in 0.00 ms.
Unloading 87 Unused Serialized files (Serialized files now loaded: 0)
Unloading 91 unused Assets / (4.5 MB). Loaded Objects now: 6307.
Memory consumption went from 115.9 MB to 111.5 MB.
Total: 12.564700 ms (FindLiveObjects: 1.010000 ms CreateObjectMapping: 1.127300 ms MarkObjects: 6.965900 ms  DeleteObjects: 3.458700 ms)

AssetImportParameters requested are different than current active one (requested -> active):
  custom:video-decoder-ogg-theora: a1e56fd34408186e4bbccfd4996cb3dc -> 
  custom:container-muxer-webm: aa71ff27fc2769a1b78a27578f13a17b -> 
  custom:container-demuxer-webm: 4f35f7cbe854078d1ac9338744f61a02 -> 
  custom:video-encoder-webm-vp8: eb34c28f22e8b96e1ab97ce403110664 -> 
  custom:audio-encoder-webm-vorbis: bf7c407c2cedff20999df2af8eb42d56 -> 
  custom:framework-win-MediaFoundation: 216162199b28c13a410421893ffa2e32 -> 
  custom:container-demuxer-ogg: 62fdf1f143b41e24485cea50d1cbac27 -> 
  custom:video-decoder-webm-vp8: 9c59270c3fd7afecdb556c50c9e8de78 -> 
  custom:audio-decoder-ogg-vorbis: bf7c407c2cedff20999df2af8eb42d56 -> 
========================================================================
Received Import Request.
  Time since last request: 47.487279 seconds.
  path: Assets/VFX/New Universal Render Pipeline Asset_Renderer.asset
  artifactKey: Guid(c1370719c6e85cf45b6b4c4dce423ba5) Importer(815301076,1909f56bfc062723c751e8b465ee728b)
Start importing Assets/VFX/New Universal Render Pipeline Asset_Renderer.asset using Guid(c1370719c6e85cf45b6b4c4dce423ba5) Importer(815301076,1909f56bfc062723c751e8b465ee728b)  -> (artifact id: 'df1b6b4cdd2a752b6022dc25be3e9724') in 0.012885 seconds 
========================================================================
Received Import Request.
  Time since last request: 52.636520 seconds.
  path: Assets/VFX/2dRenderer.asset
  artifactKey: Guid(115ab046f903bc14182f83e70c0f1058) Importer(815301076,1909f56bfc062723c751e8b465ee728b)
Start importing Assets/VFX/2dRenderer.asset using Guid(115ab046f903bc14182f83e70c0f1058) Importer(815301076,1909f56bfc062723c751e8b465ee728b)  -> (artifact id: 'e55e2a40043a35daa7c3745fec8bae24') in 0.013134 seconds 
========================================================================
Received Import Request.
  Time since last request: 1.571063 seconds.
  path: Assets/VFX/2dRenderer_Renderer.asset
  artifactKey: Guid(b4f6929b1f41db6459b02a3ed37ccb48) Importer(815301076,1909f56bfc062723c751e8b465ee728b)
Start importing Assets/VFX/2dRenderer_Renderer.asset using Guid(b4f6929b1f41db6459b02a3ed37ccb48) Importer(815301076,1909f56bfc062723c751e8b465ee728b)  -> (artifact id: '35562ee3a7ac22ed6667905235979937') in 0.014140 seconds 
